
Thu 17 Aug 2023 08:29:25 PM UTC: 
 tests:  0|7
total_score: 0/70
eafd656
Thu 17 Aug 2023 08:30:26 PM UTC: 
 exercises.c | 14 ++++++++++++--
 1 file changed, 12 insertions(+), 2 deletions(-)
In file included from test.c:1:
exercises.c: In function ‘encontrar_maximo’:
exercises.c:14:3: error: unknown type name ‘us’
   14 |   us num_mayor = arreglo[0];
      |   ^~
exercises.c:15:7: error: unknown type name ‘us’
   15 |   for(us i = 1 ; i < tamano ; i++)
      |       ^~
test.c: In function ‘test_findMax’:
test.c:91:18: error: implicit declaration of function ‘findMax’ [-Werror=implicit-function-declaration]
   91 |     int result = findMax(arr, size);
      |                  ^~~~~~~
cc1: all warnings being treated as errors
Compilation failed
77ee814
Thu 17 Aug 2023 08:30:45 PM UTC: 
 exercises.c | 1 +
 1 file changed, 1 insertion(+)
test.c: In function ‘test_findMax’:
test.c:91:18: error: implicit declaration of function ‘findMax’ [-Werror=implicit-function-declaration]
   91 |     int result = findMax(arr, size);
      |                  ^~~~~~~
cc1: all warnings being treated as errors
Compilation failed
269aceb
Thu 17 Aug 2023 08:32:05 PM UTC: 
 exercises.c | 8 +++-----
 1 file changed, 3 insertions(+), 5 deletions(-)
In file included from test.c:1:
exercises.c: In function ‘findMax’:
exercises.c:14:7: error: unknown type name ‘us’
   14 |   for(us i = 1 ; i < tamano ; i++)
      |       ^~
exercises.c:14:22: error: ‘tamano’ undeclared (first use in this function)
   14 |   for(us i = 1 ; i < tamano ; i++)
      |                      ^~~~~~
exercises.c:14:22: note: each undeclared identifier is reported only once for each function it appears in
exercises.c:16:19: error: ‘num_mayor’ undeclared (first use in this function)
   16 |       if(arr[i] > num_mayor)
      |                   ^~~~~~~~~
Compilation failed
d3e74f1
Thu 17 Aug 2023 08:32:14 PM UTC: 
 exercises.c | 2 +-
 1 file changed, 1 insertion(+), 1 deletion(-)
In file included from test.c:1:
exercises.c: In function ‘findMax’:
exercises.c:14:7: error: unknown type name ‘us’
   14 |   for(us i = 1 ; i < size ; i++)
      |       ^~
exercises.c:16:19: error: ‘num_mayor’ undeclared (first use in this function)
   16 |       if(arr[i] > num_mayor)
      |                   ^~~~~~~~~
exercises.c:16:19: note: each undeclared identifier is reported only once for each function it appears in
Compilation failed
f411d83
Thu 17 Aug 2023 08:32:32 PM UTC: 
 exercises.c | 2 +-
 1 file changed, 1 insertion(+), 1 deletion(-)
In file included from test.c:1:
exercises.c: In function ‘findMax’:
exercises.c:16:19: error: ‘num_mayor’ undeclared (first use in this function)
   16 |       if(arr[i] > num_mayor)
      |                   ^~~~~~~~~
exercises.c:16:19: note: each undeclared identifier is reported only once for each function it appears in
Compilation failed
25c95d5
Thu 17 Aug 2023 08:33:06 PM UTC: 
 exercises.c | 1 +
 1 file changed, 1 insertion(+)
In file included from test.c:1:
exercises.c: In function ‘findMax’:
exercises.c:14:3: error: unknown type name ‘unt’; did you mean ‘uint’?
   14 |   unt num_mayor = arr[0];
      |   ^~~
      |   uint
Compilation failed
6981e9e
Thu 17 Aug 2023 08:33:12 PM UTC: 
 exercises.c | 2 +-
 1 file changed, 1 insertion(+), 1 deletion(-)
 tests:  0|7
total_score: 0/70
c464b9a
Thu 17 Aug 2023 08:33:26 PM UTC: 
 exercises.c | 2 +-
 1 file changed, 1 insertion(+), 1 deletion(-)
 tests:  0|6
total_score: 10/70
6fa02d3
Thu 17 Aug 2023 08:35:05 PM UTC: 
 exercises.c | 31 ++++++++++++++++++++++---------
 1 file changed, 22 insertions(+), 9 deletions(-)
In file included from test.c:1:
exercises.c: In function ‘findMax’:
exercises.c:15:15: error: ‘tamano’ undeclared (first use in this function)
   15 |   int final = tamano - 1;
      |               ^~~~~~
exercises.c:15:15: note: each undeclared identifier is reported only once for each function it appears in
exercises.c:16:18: error: ‘fin’ undeclared (first use in this function); did you mean ‘fmin’?
   16 |   while(inicio < fin)
      |                  ^~~
      |                  fmin
exercises.c:20:23: error: expected ‘;’ before ‘inicio’
   20 |       arr[fin] = valor
      |                       ^
      |                       ;
   21 | 
   22 |       inicio++;
      |       ~~~~~~           
exercises.c: In function ‘reverseArray’:
exercises.c:34:3: error: unknown type name ‘us’
   34 |   us num_mayor = arreglo[0];
      |   ^~
exercises.c:34:18: error: ‘arreglo’ undeclared (first use in this function)
   34 |   us num_mayor = arreglo[0];
      |                  ^~~~~~~
exercises.c:35:7: error: unknown type name ‘us’
   35 |   for(us i = 1 ; i < tamano ; i++)
      |       ^~
exercises.c:35:22: error: ‘tamano’ undeclared (first use in this function)
   35 |   for(us i = 1 ; i < tamano ; i++)
      |                      ^~~~~~
exercises.c:42:10: error: ‘return’ with a value, in function returning void [-Werror=return-type]
   42 |   return 0;
      |          ^
exercises.c:32:6: note: declared here
   32 | void reverseArray(int arr[], int size)
      |      ^~~~~~~~~~~~
cc1: all warnings being treated as errors
Compilation failed
50a3eb0
Thu 17 Aug 2023 08:35:12 PM UTC: 
 exercises.c | 2 +-
 1 file changed, 1 insertion(+), 1 deletion(-)
In file included from test.c:1:
exercises.c: In function ‘findMax’:
exercises.c:16:18: error: ‘fin’ undeclared (first use in this function); did you mean ‘fmin’?
   16 |   while(inicio < fin)
      |                  ^~~
      |                  fmin
exercises.c:16:18: note: each undeclared identifier is reported only once for each function it appears in
exercises.c:20:23: error: expected ‘;’ before ‘inicio’
   20 |       arr[fin] = valor
      |                       ^
      |                       ;
   21 | 
   22 |       inicio++;
      |       ~~~~~~           
exercises.c: In function ‘reverseArray’:
exercises.c:34:3: error: unknown type name ‘us’
   34 |   us num_mayor = arreglo[0];
      |   ^~
exercises.c:34:18: error: ‘arreglo’ undeclared (first use in this function)
   34 |   us num_mayor = arreglo[0];
      |                  ^~~~~~~
exercises.c:35:7: error: unknown type name ‘us’
   35 |   for(us i = 1 ; i < tamano ; i++)
      |       ^~
exercises.c:35:22: error: ‘tamano’ undeclared (first use in this function)
   35 |   for(us i = 1 ; i < tamano ; i++)
      |                      ^~~~~~
exercises.c:42:10: error: ‘return’ with a value, in function returning void [-Werror=return-type]
   42 |   return 0;
      |          ^
exercises.c:32:6: note: declared here
   32 | void reverseArray(int arr[], int size)
      |      ^~~~~~~~~~~~
cc1: all warnings being treated as errors
Compilation failed
e0295b0
Thu 17 Aug 2023 08:35:21 PM UTC: 
 exercises.c | 2 +-
 1 file changed, 1 insertion(+), 1 deletion(-)
In file included from test.c:1:
exercises.c: In function ‘findMax’:
exercises.c:19:25: error: ‘final’ undeclared (first use in this function); did you mean ‘fin’?
   19 |       arr[inicio] = arr[final];
      |                         ^~~~~
      |                         fin
exercises.c:19:25: note: each undeclared identifier is reported only once for each function it appears in
exercises.c:20:23: error: expected ‘;’ before ‘inicio’
   20 |       arr[fin] = valor
      |                       ^
      |                       ;
   21 | 
   22 |       inicio++;
      |       ~~~~~~           
exercises.c: In function ‘reverseArray’:
exercises.c:34:3: error: unknown type name ‘us’
   34 |   us num_mayor = arreglo[0];
      |   ^~
exercises.c:34:18: error: ‘arreglo’ undeclared (first use in this function)
   34 |   us num_mayor = arreglo[0];
      |                  ^~~~~~~
exercises.c:35:7: error: unknown type name ‘us’
   35 |   for(us i = 1 ; i < tamano ; i++)
      |       ^~
exercises.c:35:22: error: ‘tamano’ undeclared (first use in this function)
   35 |   for(us i = 1 ; i < tamano ; i++)
      |                      ^~~~~~
exercises.c:42:10: error: ‘return’ with a value, in function returning void [-Werror=return-type]
   42 |   return 0;
      |          ^
exercises.c:32:6: note: declared here
   32 | void reverseArray(int arr[], int size)
      |      ^~~~~~~~~~~~
cc1: all warnings being treated as errors
Compilation failed
bd9ab31
Thu 17 Aug 2023 08:35:33 PM UTC: 
 exercises.c | 6 +++---
 1 file changed, 3 insertions(+), 3 deletions(-)
In file included from test.c:1:
exercises.c: In function ‘findMax’:
exercises.c:20:25: error: expected ‘;’ before ‘inicio’
   20 |       arr[final] = valor
      |                         ^
      |                         ;
   21 | 
   22 |       inicio++;
      |       ~~~~~~             
exercises.c:23:7: error: ‘fin’ undeclared (first use in this function); did you mean ‘fmin’?
   23 |       fin--;
      |       ^~~
      |       fmin
exercises.c:23:7: note: each undeclared identifier is reported only once for each function it appears in
exercises.c: In function ‘reverseArray’:
exercises.c:34:3: error: unknown type name ‘us’
   34 |   us num_mayor = arreglo[0];
      |   ^~
exercises.c:34:18: error: ‘arreglo’ undeclared (first use in this function)
   34 |   us num_mayor = arreglo[0];
      |                  ^~~~~~~
exercises.c:35:7: error: unknown type name ‘us’
   35 |   for(us i = 1 ; i < tamano ; i++)
      |       ^~
exercises.c:35:22: error: ‘tamano’ undeclared (first use in this function)
   35 |   for(us i = 1 ; i < tamano ; i++)
      |                      ^~~~~~
exercises.c:42:10: error: ‘return’ with a value, in function returning void [-Werror=return-type]
   42 |   return 0;
      |          ^
exercises.c:32:6: note: declared here
   32 | void reverseArray(int arr[], int size)
      |      ^~~~~~~~~~~~
cc1: all warnings being treated as errors
Compilation failed
ac63fa0
Thu 17 Aug 2023 08:35:40 PM UTC: 
 exercises.c | 2 +-
 1 file changed, 1 insertion(+), 1 deletion(-)
In file included from test.c:1:
exercises.c: In function ‘findMax’:
exercises.c:23:7: error: ‘fin’ undeclared (first use in this function); did you mean ‘fmin’?
   23 |       fin--;
      |       ^~~
      |       fmin
exercises.c:23:7: note: each undeclared identifier is reported only once for each function it appears in
exercises.c: In function ‘reverseArray’:
exercises.c:34:3: error: unknown type name ‘us’
   34 |   us num_mayor = arreglo[0];
      |   ^~
exercises.c:34:18: error: ‘arreglo’ undeclared (first use in this function)
   34 |   us num_mayor = arreglo[0];
      |                  ^~~~~~~
exercises.c:35:7: error: unknown type name ‘us’
   35 |   for(us i = 1 ; i < tamano ; i++)
      |       ^~
exercises.c:35:22: error: ‘tamano’ undeclared (first use in this function)
   35 |   for(us i = 1 ; i < tamano ; i++)
      |                      ^~~~~~
exercises.c:42:10: error: ‘return’ with a value, in function returning void [-Werror=return-type]
   42 |   return 0;
      |          ^
exercises.c:32:6: note: declared here
   32 | void reverseArray(int arr[], int size)
      |      ^~~~~~~~~~~~
cc1: all warnings being treated as errors
Compilation failed
88029d9
Thu 17 Aug 2023 08:35:46 PM UTC: 
 exercises.c | 2 +-
 1 file changed, 1 insertion(+), 1 deletion(-)
In file included from test.c:1:
exercises.c: In function ‘reverseArray’:
exercises.c:34:3: error: unknown type name ‘us’
   34 |   us num_mayor = arreglo[0];
      |   ^~
exercises.c:34:18: error: ‘arreglo’ undeclared (first use in this function)
   34 |   us num_mayor = arreglo[0];
      |                  ^~~~~~~
exercises.c:34:18: note: each undeclared identifier is reported only once for each function it appears in
exercises.c:35:7: error: unknown type name ‘us’
   35 |   for(us i = 1 ; i < tamano ; i++)
      |       ^~
exercises.c:35:22: error: ‘tamano’ undeclared (first use in this function)
   35 |   for(us i = 1 ; i < tamano ; i++)
      |                      ^~~~~~
exercises.c:42:10: error: ‘return’ with a value, in function returning void [-Werror=return-type]
   42 |   return 0;
      |          ^
exercises.c:32:6: note: declared here
   32 | void reverseArray(int arr[], int size)
      |      ^~~~~~~~~~~~
cc1: all warnings being treated as errors
Compilation failed
62e2ff6
Thu 17 Aug 2023 08:36:09 PM UTC: 
 exercises.c | 27 ++++++++-------------------
 1 file changed, 8 insertions(+), 19 deletions(-)
 tests:  0|6
total_score: 10/70
a6795df
Thu 17 Aug 2023 08:38:50 PM UTC: 
 exercises.c | 11 +++++++++++
 1 file changed, 11 insertions(+)
In file included from test.c:1:
exercises.c: In function ‘reverseArray’:
exercises.c:32:15: error: ‘tamano’ undeclared (first use in this function)
   32 |   int final = tamano - 1;
      |               ^~~~~~
exercises.c:32:15: note: each undeclared identifier is reported only once for each function it appears in
exercises.c:35:7: error: unknown type name ‘us’
   35 |       us valor = arr[inicio];
      |       ^~
exercises.c:37:25: error: expected ‘;’ before ‘inicio’
   37 |       arr[final] = valor
      |                         ^
      |                         ;
   38 | 
   39 |       inicio++;
      |       ~~~~~~             
exercises.c:42:10: error: ‘return’ with a value, in function returning void [-Werror=return-type]
   42 |   return 0;
      |          ^
exercises.c:29:6: note: declared here
   29 | void reverseArray(int arr[], int size)
      |      ^~~~~~~~~~~~
cc1: all warnings being treated as errors
Compilation failed
5163c3a
Thu 17 Aug 2023 08:38:56 PM UTC: 
 exercises.c | 2 +-
 1 file changed, 1 insertion(+), 1 deletion(-)
In file included from test.c:1:
exercises.c: In function ‘reverseArray’:
exercises.c:35:7: error: unknown type name ‘us’
   35 |       us valor = arr[inicio];
      |       ^~
exercises.c:37:25: error: expected ‘;’ before ‘inicio’
   37 |       arr[final] = valor
      |                         ^
      |                         ;
   38 | 
   39 |       inicio++;
      |       ~~~~~~             
exercises.c:42:10: error: ‘return’ with a value, in function returning void [-Werror=return-type]
   42 |   return 0;
      |          ^
exercises.c:29:6: note: declared here
   29 | void reverseArray(int arr[], int size)
      |      ^~~~~~~~~~~~
cc1: all warnings being treated as errors
Compilation failed
2c24347
Thu 17 Aug 2023 08:39:04 PM UTC: 
 exercises.c | 2 +-
 1 file changed, 1 insertion(+), 1 deletion(-)
In file included from test.c:1:
exercises.c: In function ‘reverseArray’:
exercises.c:37:25: error: expected ‘;’ before ‘inicio’
   37 |       arr[final] = valor
      |                         ^
      |                         ;
   38 | 
   39 |       inicio++;
      |       ~~~~~~             
exercises.c:42:10: error: ‘return’ with a value, in function returning void [-Werror=return-type]
   42 |   return 0;
      |          ^
exercises.c:29:6: note: declared here
   29 | void reverseArray(int arr[], int size)
      |      ^~~~~~~~~~~~
cc1: all warnings being treated as errors
Compilation failed
5c85b66
Thu 17 Aug 2023 08:39:10 PM UTC: 
 exercises.c | 2 +-
 1 file changed, 1 insertion(+), 1 deletion(-)
In file included from test.c:1:
exercises.c: In function ‘reverseArray’:
exercises.c:42:10: error: ‘return’ with a value, in function returning void [-Werror=return-type]
   42 |   return 0;
      |          ^
exercises.c:29:6: note: declared here
   29 | void reverseArray(int arr[], int size)
      |      ^~~~~~~~~~~~
cc1: all warnings being treated as errors
Compilation failed
a48a4d2
Thu 17 Aug 2023 08:39:37 PM UTC: 
 exercises.c | 1 -
 1 file changed, 1 deletion(-)
 tests:  0|5
total_score: 20/70
5c80f98
Thu 17 Aug 2023 08:46:00 PM UTC: 
 exercises.c | 11 ++++++++++-
 1 file changed, 10 insertions(+), 1 deletion(-)
 tests:  0|5
total_score: 20/70
ceb878e
Thu 17 Aug 2023 08:46:15 PM UTC: 
 exercises.c | 4 ++--
 1 file changed, 2 insertions(+), 2 deletions(-)
 tests:  0|5
total_score: 20/70
7333e51
Thu 17 Aug 2023 08:49:06 PM UTC: 
 exercises.c | 5 ++---
 1 file changed, 2 insertions(+), 3 deletions(-)
In file included from test.c:1:
exercises.c: In function ‘checkSorted’:
exercises.c:72:16: error: ‘true’ undeclared (first use in this function)
   72 |         return true;
      |                ^~~~
exercises.c:6:1: note: ‘true’ is defined in header ‘<stdbool.h>’; did you forget to ‘#include <stdbool.h>’?
    5 | #include <string.h>
  +++ |+#include <stdbool.h>
    6 | 
exercises.c:72:16: note: each undeclared identifier is reported only once for each function it appears in
   72 |         return true;
      |                ^~~~
test.c:382:5: error: ‘main’ is normally a non-static function [-Werror=main]
  382 | int main(int argc, char *argv[]) {
      |     ^~~~
test.c:410:1: error: expected declaration or statement at end of input
  410 | }
      | ^
test.c:7:6: error: unused variable ‘msg’ [-Werror=unused-variable]
    7 | char msg[300];
      |      ^~~
test.c:411: error: control reaches end of non-void function [-Werror=return-type]
At top level:
test.c:382:5: error: ‘main’ defined but not used [-Werror=unused-function]
  382 | int main(int argc, char *argv[]) {
      |     ^~~~
test.c:47:6: error: ‘readIntArray’ defined but not used [-Werror=unused-function]
   47 | void readIntArray(int arr[], int *size) {
      |      ^~~~~~~~~~~~
cc1: all warnings being treated as errors
Compilation failed
3beba06
Thu 17 Aug 2023 08:51:00 PM UTC: 
 exercises.c | 7 +------
 1 file changed, 1 insertion(+), 6 deletions(-)
In file included from test.c:1:
exercises.c: In function ‘checkSorted’:
exercises.c:69:1: error: control reaches end of non-void function [-Werror=return-type]
   69 | }
      | ^
cc1: all warnings being treated as errors
Compilation failed
26a5c1b
Thu 17 Aug 2023 08:53:59 PM UTC: 
 exercises.c | 4 ++++
 1 file changed, 4 insertions(+)
In file included from test.c:1:
exercises.c: In function ‘checkSorted’:
exercises.c:73:1: error: control reaches end of non-void function [-Werror=return-type]
   73 | }
      | ^
cc1: all warnings being treated as errors
Compilation failed
a376f6b
Thu 17 Aug 2023 08:54:04 PM UTC: 
 exercises.c | 3 ---
 1 file changed, 3 deletions(-)
In file included from test.c:1:
exercises.c: In function ‘checkSorted’:
exercises.c:70:1: error: control reaches end of non-void function [-Werror=return-type]
   70 | }
      | ^
cc1: all warnings being treated as errors
Compilation failed
40dba97
Thu 17 Aug 2023 08:54:11 PM UTC: 
 exercises.c | 2 --
 1 file changed, 2 deletions(-)
In file included from test.c:1:
exercises.c: In function ‘checkSorted’:
exercises.c:81:3: error: storage class specified for parameter ‘Autor’
   81 | } Autor;
      |   ^~~~~
exercises.c:85:3: error: expected specifier-qualifier-list before ‘Autor’
   85 |   Autor autor;
      |   ^~~~~
exercises.c:87:3: error: storage class specified for parameter ‘Libro’
   87 | } Libro;
      |   ^~~~~
exercises.c:89:23: error: expected declaration specifiers or ‘...’ before ‘Libro’
   89 | void inicializarLibro(Libro *libro, const char *titulo, const char *nombreAutor,
      |                       ^~~~~
exercises.c:106:3: error: storage class specified for parameter ‘Nodo’
  106 | } Nodo;
      |   ^~~~
exercises.c:108:1: error: expected declaration specifiers before ‘Nodo’
  108 | Nodo *crearListaEnlazada(int arr[], int size) { return NULL; }
      | ^~~~
In file included from test.c:5:
/nix/store/4pqv2mwdn88h7xvsm7a5zplrd8sxzvw0-glibc-2.35-163-dev/include/time.h:72:16: error: storage class specified for parameter ‘clock’
   72 | extern clock_t clock (void) __THROW;
      |                ^~~~~
/nix/store/4pqv2mwdn88h7xvsm7a5zplrd8sxzvw0-glibc-2.35-163-dev/include/time.h:76:15: error: storage class specified for parameter ‘time’
   76 | extern time_t time (time_t *__timer) __THROW;
      |               ^~~~
/nix/store/4pqv2mwdn88h7xvsm7a5zplrd8sxzvw0-glibc-2.35-163-dev/include/time.h:79:15: error: storage class specified for parameter ‘difftime’
   79 | extern double difftime (time_t __time1, time_t __time0)
      |               ^~~~~~~~
/nix/store/4pqv2mwdn88h7xvsm7a5zplrd8sxzvw0-glibc-2.35-163-dev/include/time.h:83:15: error: storage class specified for parameter ‘mktime’
   83 | extern time_t mktime (struct tm *__tp) __THROW;
      |               ^~~~~~
/nix/store/4pqv2mwdn88h7xvsm7a5zplrd8sxzvw0-glibc-2.35-163-dev/include/time.h:100:15: error: storage class specified for parameter ‘strftime’
  100 | extern size_t strftime (char *__restrict __s, size_t __maxsize,
      |               ^~~~~~~~
/nix/store/4pqv2mwdn88h7xvsm7a5zplrd8sxzvw0-glibc-2.35-163-dev/include/time.h:116:15: error: storage class specified for parameter ‘strftime_l’
  116 | extern size_t strftime_l (char *__restrict __s, size_t __maxsize,
      |               ^~~~~~~~~~
/nix/store/4pqv2mwdn88h7xvsm7a5zplrd8sxzvw0-glibc-2.35-163-dev/include/time.h:132:19: error: storage class specified for parameter ‘gmtime’
  132 | extern struct tm *gmtime (const time_t *__timer) __THROW;
      |                   ^~~~~~
/nix/store/4pqv2mwdn88h7xvsm7a5zplrd8sxzvw0-glibc-2.35-163-dev/include/time.h:136:19: error: storage class specified for parameter ‘localtime’
  136 | extern struct tm *localtime (const time_t *__timer) __THROW;
      |                   ^~~~~~~~~
/nix/store/4pqv2mwdn88h7xvsm7a5zplrd8sxzvw0-glibc-2.35-163-dev/include/time.h:154:19: error: storage class specified for parameter ‘gmtime_r’
  154 | extern struct tm *gmtime_r (const time_t *__restrict __timer,
      |                   ^~~~~~~~
/nix/store/4pqv2mwdn88h7xvsm7a5zplrd8sxzvw0-glibc-2.35-163-dev/include/time.h:159:19: error: storage class specified for parameter ‘localtime_r’
  159 | extern struct tm *localtime_r (const time_t *__restrict __timer,
      |                   ^~~~~~~~~~~
/nix/store/4pqv2mwdn88h7xvsm7a5zplrd8sxzvw0-glibc-2.35-163-dev/include/time.h:179:14: error: storage class specified for parameter ‘asctime’
  179 | extern char *asctime (const struct tm *__tp) __THROW;
      |              ^~~~~~~
/nix/store/4pqv2mwdn88h7xvsm7a5zplrd8sxzvw0-glibc-2.35-163-dev/include/time.h:183:14: error: storage class specified for parameter ‘ctime’
  183 | extern char *ctime (const time_t *__timer) __THROW;
      |              ^~~~~
/nix/store/4pqv2mwdn88h7xvsm7a5zplrd8sxzvw0-glibc-2.35-163-dev/include/time.h:197:14: error: storage class specified for parameter ‘asctime_r’
  197 | extern char *asctime_r (const struct tm *__restrict __tp,
      |              ^~~~~~~~~
/nix/store/4pqv2mwdn88h7xvsm7a5zplrd8sxzvw0-glibc-2.35-163-dev/include/time.h:202:14: error: storage class specified for parameter ‘ctime_r’
  202 | extern char *ctime_r (const time_t *__restrict __timer,
      |              ^~~~~~~
/nix/store/4pqv2mwdn88h7xvsm7a5zplrd8sxzvw0-glibc-2.35-163-dev/include/time.h:217:14: error: storage class specified for parameter ‘__tzname’
  217 | extern char *__tzname[2];       /* Current timezone names.  */
      |              ^~~~~~~~
/nix/store/4pqv2mwdn88h7xvsm7a5zplrd8sxzvw0-glibc-2.35-163-dev/include/time.h:218:12: error: storage class specified for parameter ‘__daylight’
  218 | extern int __daylight;          /* If daylight-saving time is ever in use.  */
      |            ^~~~~~~~~~
/nix/store/4pqv2mwdn88h7xvsm7a5zplrd8sxzvw0-glibc-2.35-163-dev/include/time.h:219:17: error: storage class specified for parameter ‘__timezone’
  219 | extern long int __timezone;     /* Seconds west of UTC.  */
      |                 ^~~~~~~~~~
/nix/store/4pqv2mwdn88h7xvsm7a5zplrd8sxzvw0-glibc-2.35-163-dev/include/time.h:224:14: error: storage class specified for parameter ‘tzname’
  224 | extern char *tzname[2];
      |              ^~~~~~
/nix/store/4pqv2mwdn88h7xvsm7a5zplrd8sxzvw0-glibc-2.35-163-dev/include/time.h:228:13: error: storage class specified for parameter ‘tzset’
  228 | extern void tzset (void) __THROW;
      |             ^~~~~
/nix/store/4pqv2mwdn88h7xvsm7a5zplrd8sxzvw0-glibc-2.35-163-dev/include/time.h:232:12: error: storage class specified for parameter ‘daylight’
  232 | extern int daylight;
      |            ^~~~~~~~
/nix/store/4pqv2mwdn88h7xvsm7a5zplrd8sxzvw0-glibc-2.35-163-dev/include/time.h:233:17: error: storage class specified for parameter ‘timezone’
  233 | extern long int timezone;
      |                 ^~~~~~~~
/nix/store/4pqv2mwdn88h7xvsm7a5zplrd8sxzvw0-glibc-2.35-163-dev/include/time.h:249:15: error: storage class specified for parameter ‘timegm’
  249 | extern time_t timegm (struct tm *__tp) __THROW;
      |               ^~~~~~
/nix/store/4pqv2mwdn88h7xvsm7a5zplrd8sxzvw0-glibc-2.35-163-dev/include/time.h:251:15: error: storage class specified for parameter ‘timelocal’
  251 | extern time_t timelocal (struct tm *__tp) __THROW;
      |               ^~~~~~~~~
/nix/store/4pqv2mwdn88h7xvsm7a5zplrd8sxzvw0-glibc-2.35-163-dev/include/time.h:262:12: error: storage class specified for parameter ‘dysize’
  262 | extern int dysize (int __year) __THROW  __attribute__ ((__const__));
      |            ^~~~~~
/nix/store/4pqv2mwdn88h7xvsm7a5zplrd8sxzvw0-glibc-2.35-163-dev/include/time.h:272:12: error: storage class specified for parameter ‘nanosleep’
  272 | extern int nanosleep (const struct timespec *__requested_time,
      |            ^~~~~~~~~
/nix/store/4pqv2mwdn88h7xvsm7a5zplrd8sxzvw0-glibc-2.35-163-dev/include/time.h:276:12: error: storage class specified for parameter ‘clock_getres’
  276 | extern int clock_getres (clockid_t __clock_id, struct timespec *__res) __THROW;
      |            ^~~~~~~~~~~~
/nix/store/4pqv2mwdn88h7xvsm7a5zplrd8sxzvw0-glibc-2.35-163-dev/include/time.h:279:12: error: storage class specified for parameter ‘clock_gettime’
  279 | extern int clock_gettime (clockid_t __clock_id, struct timespec *__tp) __THROW;
      |            ^~~~~~~~~~~~~
/nix/store/4pqv2mwdn88h7xvsm7a5zplrd8sxzvw0-glibc-2.35-163-dev/include/time.h:282:12: error: storage class specified for parameter ‘clock_settime’
  282 | extern int clock_settime (clockid_t __clock_id, const struct timespec *__tp)
      |            ^~~~~~~~~~~~~
/nix/store/4pqv2mwdn88h7xvsm7a5zplrd8sxzvw0-glibc-2.35-163-dev/include/time.h:311:12: error: storage class specified for parameter ‘clock_nanosleep’
  311 | extern int clock_nanosleep (clockid_t __clock_id, int __flags,
      |            ^~~~~~~~~~~~~~~
/nix/store/4pqv2mwdn88h7xvsm7a5zplrd8sxzvw0-glibc-2.35-163-dev/include/time.h:326:12: error: storage class specified for parameter ‘clock_getcpuclockid’
  326 | extern int clock_getcpuclockid (pid_t __pid, clockid_t *__clock_id) __THROW;
      |            ^~~~~~~~~~~~~~~~~~~
/nix/store/4pqv2mwdn88h7xvsm7a5zplrd8sxzvw0-glibc-2.35-163-dev/include/time.h:331:12: error: storage class specified for parameter ‘timer_create’
  331 | extern int timer_create (clockid_t __clock_id,
      |            ^~~~~~~~~~~~
/nix/store/4pqv2mwdn88h7xvsm7a5zplrd8sxzvw0-glibc-2.35-163-dev/include/time.h:336:12: error: storage class specified for parameter ‘timer_delete’
  336 | extern int timer_delete (timer_t __timerid) __THROW;
      |            ^~~~~~~~~~~~
/nix/store/4pqv2mwdn88h7xvsm7a5zplrd8sxzvw0-glibc-2.35-163-dev/include/time.h:340:12: error: storage class specified for parameter ‘timer_settime’
  340 | extern int timer_settime (timer_t __timerid, int __flags,
      |            ^~~~~~~~~~~~~
/nix/store/4pqv2mwdn88h7xvsm7a5zplrd8sxzvw0-glibc-2.35-163-dev/include/time.h:345:12: error: storage class specified for parameter ‘timer_gettime’
  345 | extern int timer_gettime (timer_t __timerid, struct itimerspec *__value)
      |            ^~~~~~~~~~~~~
/nix/store/4pqv2mwdn88h7xvsm7a5zplrd8sxzvw0-glibc-2.35-163-dev/include/time.h:364:12: error: storage class specified for parameter ‘timer_getoverrun’
  364 | extern int timer_getoverrun (timer_t __timerid) __THROW;
      |            ^~~~~~~~~~~~~~~~
/nix/store/4pqv2mwdn88h7xvsm7a5zplrd8sxzvw0-glibc-2.35-163-dev/include/time.h:371:12: error: storage class specified for parameter ‘timespec_get’
  371 | extern int timespec_get (struct timespec *__ts, int __base)
      |            ^~~~~~~~~~~~
test.c:8:1: error: parameter ‘test_id’ is initialized
    8 | int test_id = -1;
      | ^~~
test.c:11:77: error: expected ‘=’, ‘,’, ‘;’, ‘asm’ or ‘__attribute__’ before ‘{’ token
   11 | int test_suite(int (*test)(), char *msg, int max_score, int id, int req_id) {
      |                                                                             ^
test.c:29:39: error: expected ‘=’, ‘,’, ‘;’, ‘asm’ or ‘__attribute__’ before ‘{’ token
   29 | void print_array(int arr[], int size) {
      |                                       ^
test.c:37:24: error: expected declaration specifiers or ‘...’ before ‘Nodo’
   37 | void print_linked_list(Nodo* lista) {
      |                        ^~~~
test.c:47:41: error: expected ‘=’, ‘,’, ‘;’, ‘asm’ or ‘__attribute__’ before ‘{’ token
   47 | void readIntArray(int arr[], int *size) {
      |                                         ^
test.c:60:62: error: expected ‘=’, ‘,’, ‘;’, ‘asm’ or ‘__attribute__’ before ‘{’ token
   60 | void create_random_array(int arr[], int *size, int max_size) {
      |                                                              ^
test.c:69:85: error: expected ‘=’, ‘,’, ‘;’, ‘asm’ or ‘__attribute__’ before ‘{’ token
   69 | void create_random_sorted_array(int arr[], int *size, int max_size, int descending) {
      |                                                                                     ^
test.c:77:71: error: expected ‘=’, ‘,’, ‘;’, ‘asm’ or ‘__attribute__’ before ‘{’ token
   77 | void create_random_unsorted_array(int arr[], int *size, int max_size) {
      |                                                                       ^
test.c:86:20: error: expected ‘=’, ‘,’, ‘;’, ‘asm’ or ‘__attribute__’ before ‘{’ token
   86 | int test_findMax() {
      |                    ^
test.c:117:25: error: expected ‘=’, ‘,’, ‘;’, ‘asm’ or ‘__attribute__’ before ‘{’ token
  117 | int test_reverseArray() {
      |                         ^
test.c:144:30: error: expected ‘=’, ‘,’, ‘;’, ‘asm’ or ‘__attribute__’ before ‘{’ token
  144 | int test_filterEvenNumbers() {
      |                              ^
test.c:196:22: error: expected ‘=’, ‘,’, ‘;’, ‘asm’ or ‘__attribute__’ before ‘{’ token
  196 | int test_mergeSort() {
      |                      ^
test.c:250:24: error: expected ‘=’, ‘,’, ‘;’, ‘asm’ or ‘__attribute__’ before ‘{’ token
  250 | int test_checkSorted() {
      |                        ^
test.c:289:26: error: type defaults to ‘int’ in declaration of ‘Libro’ [-Werror=implicit-int]
  289 | void imprimirLibro(const Libro *libro) {
      |                          ^~~~~
test.c:289:32: error: expected ‘;’, ‘,’ or ‘)’ before ‘*’ token
  289 | void imprimirLibro(const Libro *libro) {
      |                                ^
test.c:295:23: error: expected ‘=’, ‘,’, ‘;’, ‘asm’ or ‘__attribute__’ before ‘{’ token
  295 | int test_biblioteca() {
      |                       ^
test.c:326:31: error: expected ‘=’, ‘,’, ‘;’, ‘asm’ or ‘__attribute__’ before ‘{’ token
  326 | int test_crearListaEnlazada() {
      |                               ^
test.c:382:34: error: expected ‘=’, ‘,’, ‘;’, ‘asm’ or ‘__attribute__’ before ‘{’ token
  382 | int main(int argc, char *argv[]) {
      |                                  ^
In file included from test.c:1:
exercises.c:67:5: error: old-style parameter declarations in prototyped function definition
   67 | int checkSorted(int arr[], int size)
      |     ^~~~~~~~~~~
test.c:411: error: expected ‘{’ at end of input
test.c:411: error: control reaches end of non-void function [-Werror=return-type]
cc1: all warnings being treated as errors
Compilation failed
fe74ac8
Thu 17 Aug 2023 08:54:37 PM UTC: 
 exercises.c | 3 +--
 1 file changed, 1 insertion(+), 2 deletions(-)
In file included from test.c:1:
exercises.c: In function ‘checkSorted’:
exercises.c:67:2: error: control reaches end of non-void function [-Werror=return-type]
   67 | {}
      |  ^
cc1: all warnings being treated as errors
Compilation failed
3748394
Thu 17 Aug 2023 08:55:53 PM UTC: 
 exercises.c | 2 ++
 1 file changed, 2 insertions(+)
In file included from test.c:1:
exercises.c:50:1: error: expected identifier or ‘(’ before ‘{’ token
   50 | {
      | ^
exercises.c: In function ‘checkSorted’:
exercises.c:69:2: error: control reaches end of non-void function [-Werror=return-type]
   69 | {}
      |  ^
cc1: all warnings being treated as errors
Compilation failed
07b2789
Thu 17 Aug 2023 08:56:15 PM UTC: 
 exercises.c | 3 ---
 1 file changed, 3 deletions(-)
In file included from test.c:1:
exercises.c: In function ‘checkSorted’:
exercises.c:66:2: error: control reaches end of non-void function [-Werror=return-type]
   66 | {}
      |  ^
cc1: all warnings being treated as errors
Compilation failed
f95d04b
Thu 17 Aug 2023 08:56:25 PM UTC: 
 exercises.c | 3 +--
 1 file changed, 1 insertion(+), 2 deletions(-)
In file included from test.c:1:
exercises.c: In function ‘checkSorted’:
exercises.c:65:39: error: control reaches end of non-void function [-Werror=return-type]
   65 | int checkSorted(int arr[], int size) {}
      |                                       ^
cc1: all warnings being treated as errors
Compilation failed
d3ca893
Thu 17 Aug 2023 08:56:33 PM UTC: 
 exercises.c | 2 +-
 1 file changed, 1 insertion(+), 1 deletion(-)
In file included from test.c:1:
exercises.c: In function ‘checkSorted’:
exercises.c:78:3: error: storage class specified for parameter ‘Autor’
   78 | } Autor;
      |   ^~~~~
exercises.c:82:3: error: expected specifier-qualifier-list before ‘Autor’
   82 |   Autor autor;
      |   ^~~~~
exercises.c:84:3: error: storage class specified for parameter ‘Libro’
   84 | } Libro;
      |   ^~~~~
exercises.c:86:23: error: expected declaration specifiers or ‘...’ before ‘Libro’
   86 | void inicializarLibro(Libro *libro, const char *titulo, const char *nombreAutor,
      |                       ^~~~~
exercises.c:103:3: error: storage class specified for parameter ‘Nodo’
  103 | } Nodo;
      |   ^~~~
exercises.c:105:1: error: expected declaration specifiers before ‘Nodo’
  105 | Nodo *crearListaEnlazada(int arr[], int size) { return NULL; }
      | ^~~~
In file included from test.c:5:
/nix/store/4pqv2mwdn88h7xvsm7a5zplrd8sxzvw0-glibc-2.35-163-dev/include/time.h:72:16: error: storage class specified for parameter ‘clock’
   72 | extern clock_t clock (void) __THROW;
      |                ^~~~~
/nix/store/4pqv2mwdn88h7xvsm7a5zplrd8sxzvw0-glibc-2.35-163-dev/include/time.h:76:15: error: storage class specified for parameter ‘time’
   76 | extern time_t time (time_t *__timer) __THROW;
      |               ^~~~
/nix/store/4pqv2mwdn88h7xvsm7a5zplrd8sxzvw0-glibc-2.35-163-dev/include/time.h:79:15: error: storage class specified for parameter ‘difftime’
   79 | extern double difftime (time_t __time1, time_t __time0)
      |               ^~~~~~~~
/nix/store/4pqv2mwdn88h7xvsm7a5zplrd8sxzvw0-glibc-2.35-163-dev/include/time.h:83:15: error: storage class specified for parameter ‘mktime’
   83 | extern time_t mktime (struct tm *__tp) __THROW;
      |               ^~~~~~
/nix/store/4pqv2mwdn88h7xvsm7a5zplrd8sxzvw0-glibc-2.35-163-dev/include/time.h:100:15: error: storage class specified for parameter ‘strftime’
  100 | extern size_t strftime (char *__restrict __s, size_t __maxsize,
      |               ^~~~~~~~
/nix/store/4pqv2mwdn88h7xvsm7a5zplrd8sxzvw0-glibc-2.35-163-dev/include/time.h:116:15: error: storage class specified for parameter ‘strftime_l’
  116 | extern size_t strftime_l (char *__restrict __s, size_t __maxsize,
      |               ^~~~~~~~~~
/nix/store/4pqv2mwdn88h7xvsm7a5zplrd8sxzvw0-glibc-2.35-163-dev/include/time.h:132:19: error: storage class specified for parameter ‘gmtime’
  132 | extern struct tm *gmtime (const time_t *__timer) __THROW;
      |                   ^~~~~~
/nix/store/4pqv2mwdn88h7xvsm7a5zplrd8sxzvw0-glibc-2.35-163-dev/include/time.h:136:19: error: storage class specified for parameter ‘localtime’
  136 | extern struct tm *localtime (const time_t *__timer) __THROW;
      |                   ^~~~~~~~~
/nix/store/4pqv2mwdn88h7xvsm7a5zplrd8sxzvw0-glibc-2.35-163-dev/include/time.h:154:19: error: storage class specified for parameter ‘gmtime_r’
  154 | extern struct tm *gmtime_r (const time_t *__restrict __timer,
      |                   ^~~~~~~~
/nix/store/4pqv2mwdn88h7xvsm7a5zplrd8sxzvw0-glibc-2.35-163-dev/include/time.h:159:19: error: storage class specified for parameter ‘localtime_r’
  159 | extern struct tm *localtime_r (const time_t *__restrict __timer,
      |                   ^~~~~~~~~~~
/nix/store/4pqv2mwdn88h7xvsm7a5zplrd8sxzvw0-glibc-2.35-163-dev/include/time.h:179:14: error: storage class specified for parameter ‘asctime’
  179 | extern char *asctime (const struct tm *__tp) __THROW;
      |              ^~~~~~~
/nix/store/4pqv2mwdn88h7xvsm7a5zplrd8sxzvw0-glibc-2.35-163-dev/include/time.h:183:14: error: storage class specified for parameter ‘ctime’
  183 | extern char *ctime (const time_t *__timer) __THROW;
      |              ^~~~~
/nix/store/4pqv2mwdn88h7xvsm7a5zplrd8sxzvw0-glibc-2.35-163-dev/include/time.h:197:14: error: storage class specified for parameter ‘asctime_r’
  197 | extern char *asctime_r (const struct tm *__restrict __tp,
      |              ^~~~~~~~~
/nix/store/4pqv2mwdn88h7xvsm7a5zplrd8sxzvw0-glibc-2.35-163-dev/include/time.h:202:14: error: storage class specified for parameter ‘ctime_r’
  202 | extern char *ctime_r (const time_t *__restrict __timer,
      |              ^~~~~~~
/nix/store/4pqv2mwdn88h7xvsm7a5zplrd8sxzvw0-glibc-2.35-163-dev/include/time.h:217:14: error: storage class specified for parameter ‘__tzname’
  217 | extern char *__tzname[2];       /* Current timezone names.  */
      |              ^~~~~~~~
/nix/store/4pqv2mwdn88h7xvsm7a5zplrd8sxzvw0-glibc-2.35-163-dev/include/time.h:218:12: error: storage class specified for parameter ‘__daylight’
  218 | extern int __daylight;          /* If daylight-saving time is ever in use.  */
      |            ^~~~~~~~~~
/nix/store/4pqv2mwdn88h7xvsm7a5zplrd8sxzvw0-glibc-2.35-163-dev/include/time.h:219:17: error: storage class specified for parameter ‘__timezone’
  219 | extern long int __timezone;     /* Seconds west of UTC.  */
      |                 ^~~~~~~~~~
/nix/store/4pqv2mwdn88h7xvsm7a5zplrd8sxzvw0-glibc-2.35-163-dev/include/time.h:224:14: error: storage class specified for parameter ‘tzname’
  224 | extern char *tzname[2];
      |              ^~~~~~
/nix/store/4pqv2mwdn88h7xvsm7a5zplrd8sxzvw0-glibc-2.35-163-dev/include/time.h:228:13: error: storage class specified for parameter ‘tzset’
  228 | extern void tzset (void) __THROW;
      |             ^~~~~
/nix/store/4pqv2mwdn88h7xvsm7a5zplrd8sxzvw0-glibc-2.35-163-dev/include/time.h:232:12: error: storage class specified for parameter ‘daylight’
  232 | extern int daylight;
      |            ^~~~~~~~
/nix/store/4pqv2mwdn88h7xvsm7a5zplrd8sxzvw0-glibc-2.35-163-dev/include/time.h:233:17: error: storage class specified for parameter ‘timezone’
  233 | extern long int timezone;
      |                 ^~~~~~~~
/nix/store/4pqv2mwdn88h7xvsm7a5zplrd8sxzvw0-glibc-2.35-163-dev/include/time.h:249:15: error: storage class specified for parameter ‘timegm’
  249 | extern time_t timegm (struct tm *__tp) __THROW;
      |               ^~~~~~
/nix/store/4pqv2mwdn88h7xvsm7a5zplrd8sxzvw0-glibc-2.35-163-dev/include/time.h:251:15: error: storage class specified for parameter ‘timelocal’
  251 | extern time_t timelocal (struct tm *__tp) __THROW;
      |               ^~~~~~~~~
/nix/store/4pqv2mwdn88h7xvsm7a5zplrd8sxzvw0-glibc-2.35-163-dev/include/time.h:262:12: error: storage class specified for parameter ‘dysize’
  262 | extern int dysize (int __year) __THROW  __attribute__ ((__const__));
      |            ^~~~~~
/nix/store/4pqv2mwdn88h7xvsm7a5zplrd8sxzvw0-glibc-2.35-163-dev/include/time.h:272:12: error: storage class specified for parameter ‘nanosleep’
  272 | extern int nanosleep (const struct timespec *__requested_time,
      |            ^~~~~~~~~
/nix/store/4pqv2mwdn88h7xvsm7a5zplrd8sxzvw0-glibc-2.35-163-dev/include/time.h:276:12: error: storage class specified for parameter ‘clock_getres’
  276 | extern int clock_getres (clockid_t __clock_id, struct timespec *__res) __THROW;
      |            ^~~~~~~~~~~~
/nix/store/4pqv2mwdn88h7xvsm7a5zplrd8sxzvw0-glibc-2.35-163-dev/include/time.h:279:12: error: storage class specified for parameter ‘clock_gettime’
  279 | extern int clock_gettime (clockid_t __clock_id, struct timespec *__tp) __THROW;
      |            ^~~~~~~~~~~~~
/nix/store/4pqv2mwdn88h7xvsm7a5zplrd8sxzvw0-glibc-2.35-163-dev/include/time.h:282:12: error: storage class specified for parameter ‘clock_settime’
  282 | extern int clock_settime (clockid_t __clock_id, const struct timespec *__tp)
      |            ^~~~~~~~~~~~~
/nix/store/4pqv2mwdn88h7xvsm7a5zplrd8sxzvw0-glibc-2.35-163-dev/include/time.h:311:12: error: storage class specified for parameter ‘clock_nanosleep’
  311 | extern int clock_nanosleep (clockid_t __clock_id, int __flags,
      |            ^~~~~~~~~~~~~~~
/nix/store/4pqv2mwdn88h7xvsm7a5zplrd8sxzvw0-glibc-2.35-163-dev/include/time.h:326:12: error: storage class specified for parameter ‘clock_getcpuclockid’
  326 | extern int clock_getcpuclockid (pid_t __pid, clockid_t *__clock_id) __THROW;
      |            ^~~~~~~~~~~~~~~~~~~
/nix/store/4pqv2mwdn88h7xvsm7a5zplrd8sxzvw0-glibc-2.35-163-dev/include/time.h:331:12: error: storage class specified for parameter ‘timer_create’
  331 | extern int timer_create (clockid_t __clock_id,
      |            ^~~~~~~~~~~~
/nix/store/4pqv2mwdn88h7xvsm7a5zplrd8sxzvw0-glibc-2.35-163-dev/include/time.h:336:12: error: storage class specified for parameter ‘timer_delete’
  336 | extern int timer_delete (timer_t __timerid) __THROW;
      |            ^~~~~~~~~~~~
/nix/store/4pqv2mwdn88h7xvsm7a5zplrd8sxzvw0-glibc-2.35-163-dev/include/time.h:340:12: error: storage class specified for parameter ‘timer_settime’
  340 | extern int timer_settime (timer_t __timerid, int __flags,
      |            ^~~~~~~~~~~~~
/nix/store/4pqv2mwdn88h7xvsm7a5zplrd8sxzvw0-glibc-2.35-163-dev/include/time.h:345:12: error: storage class specified for parameter ‘timer_gettime’
  345 | extern int timer_gettime (timer_t __timerid, struct itimerspec *__value)
      |            ^~~~~~~~~~~~~
/nix/store/4pqv2mwdn88h7xvsm7a5zplrd8sxzvw0-glibc-2.35-163-dev/include/time.h:364:12: error: storage class specified for parameter ‘timer_getoverrun’
  364 | extern int timer_getoverrun (timer_t __timerid) __THROW;
      |            ^~~~~~~~~~~~~~~~
/nix/store/4pqv2mwdn88h7xvsm7a5zplrd8sxzvw0-glibc-2.35-163-dev/include/time.h:371:12: error: storage class specified for parameter ‘timespec_get’
  371 | extern int timespec_get (struct timespec *__ts, int __base)
      |            ^~~~~~~~~~~~
test.c:8:1: error: parameter ‘test_id’ is initialized
    8 | int test_id = -1;
      | ^~~
test.c:11:77: error: expected ‘=’, ‘,’, ‘;’, ‘asm’ or ‘__attribute__’ before ‘{’ token
   11 | int test_suite(int (*test)(), char *msg, int max_score, int id, int req_id) {
      |                                                                             ^
test.c:29:39: error: expected ‘=’, ‘,’, ‘;’, ‘asm’ or ‘__attribute__’ before ‘{’ token
   29 | void print_array(int arr[], int size) {
      |                                       ^
test.c:37:24: error: expected declaration specifiers or ‘...’ before ‘Nodo’
   37 | void print_linked_list(Nodo* lista) {
      |                        ^~~~
test.c:47:41: error: expected ‘=’, ‘,’, ‘;’, ‘asm’ or ‘__attribute__’ before ‘{’ token
   47 | void readIntArray(int arr[], int *size) {
      |                                         ^
test.c:60:62: error: expected ‘=’, ‘,’, ‘;’, ‘asm’ or ‘__attribute__’ before ‘{’ token
   60 | void create_random_array(int arr[], int *size, int max_size) {
      |                                                              ^
test.c:69:85: error: expected ‘=’, ‘,’, ‘;’, ‘asm’ or ‘__attribute__’ before ‘{’ token
   69 | void create_random_sorted_array(int arr[], int *size, int max_size, int descending) {
      |                                                                                     ^
test.c:77:71: error: expected ‘=’, ‘,’, ‘;’, ‘asm’ or ‘__attribute__’ before ‘{’ token
   77 | void create_random_unsorted_array(int arr[], int *size, int max_size) {
      |                                                                       ^
test.c:86:20: error: expected ‘=’, ‘,’, ‘;’, ‘asm’ or ‘__attribute__’ before ‘{’ token
   86 | int test_findMax() {
      |                    ^
test.c:117:25: error: expected ‘=’, ‘,’, ‘;’, ‘asm’ or ‘__attribute__’ before ‘{’ token
  117 | int test_reverseArray() {
      |                         ^
test.c:144:30: error: expected ‘=’, ‘,’, ‘;’, ‘asm’ or ‘__attribute__’ before ‘{’ token
  144 | int test_filterEvenNumbers() {
      |                              ^
test.c:196:22: error: expected ‘=’, ‘,’, ‘;’, ‘asm’ or ‘__attribute__’ before ‘{’ token
  196 | int test_mergeSort() {
      |                      ^
test.c:250:24: error: expected ‘=’, ‘,’, ‘;’, ‘asm’ or ‘__attribute__’ before ‘{’ token
  250 | int test_checkSorted() {
      |                        ^
test.c:289:26: error: type defaults to ‘int’ in declaration of ‘Libro’ [-Werror=implicit-int]
  289 | void imprimirLibro(const Libro *libro) {
      |                          ^~~~~
test.c:289:32: error: expected ‘;’, ‘,’ or ‘)’ before ‘*’ token
  289 | void imprimirLibro(const Libro *libro) {
      |                                ^
test.c:295:23: error: expected ‘=’, ‘,’, ‘;’, ‘asm’ or ‘__attribute__’ before ‘{’ token
  295 | int test_biblioteca() {
      |                       ^
test.c:326:31: error: expected ‘=’, ‘,’, ‘;’, ‘asm’ or ‘__attribute__’ before ‘{’ token
  326 | int test_crearListaEnlazada() {
      |                               ^
test.c:382:34: error: expected ‘=’, ‘,’, ‘;’, ‘asm’ or ‘__attribute__’ before ‘{’ token
  382 | int main(int argc, char *argv[]) {
      |                                  ^
In file included from test.c:1:
exercises.c:65:5: error: old-style parameter declarations in prototyped function definition
   65 | int checkSorted(int arr[], int size)
      |     ^~~~~~~~~~~
test.c:411: error: expected ‘{’ at end of input
test.c:411: error: control reaches end of non-void function [-Werror=return-type]
cc1: all warnings being treated as errors
Compilation failed
e5d131e
Thu 17 Aug 2023 08:56:47 PM UTC: 
 exercises.c | 2 +-
 1 file changed, 1 insertion(+), 1 deletion(-)
In file included from test.c:1:
exercises.c: In function ‘checkSorted’:
exercises.c:65:47: error: expected ‘;’ before ‘}’ token
   65 | int checkSorted(int arr[], int size) {return 0}
      |                                               ^
      |                                               ;
Compilation failed
6196b40
Thu 17 Aug 2023 08:56:55 PM UTC: 
 exercises.c | 2 +-
 1 file changed, 1 insertion(+), 1 deletion(-)
In file included from test.c:1:
exercises.c: In function ‘checkSorted’:
exercises.c:65:48: error: expected ‘;’ before ‘}’ token
   65 | int checkSorted(int arr[], int size) {return -2}
      |                                                ^
      |                                                ;
Compilation failed
e94538f
Thu 17 Aug 2023 08:58:06 PM UTC: 
 exercises.c | 2 +-
 1 file changed, 1 insertion(+), 1 deletion(-)
 tests:  0|5
total_score: 20/70
fe8c58f
Fri 18 Aug 2023 07:37:08 PM UTC: 
 exercises.c | 33 ++++++++++++++++++++++++++++++++-
 1 file changed, 32 insertions(+), 1 deletion(-)
 tests:  0|4
total_score: 30/70
2e3123d
